[1] "Loaded existing results with 100 replications"
[1] "Replication Number: 527 ----------------------------"
[1] "Detection is finished in 1.82074586550395 mins"
[1] "Change point is detected at 449"
[1] "Replication Number: 528 ----------------------------"
[1] "Detection is finished in 2.1602394024531 mins"
[1] "Change point is detected at 1592"
[1] "Replication Number: 529 ----------------------------"
[1] "Detection is finished in 1.94725906848907 mins"
[1] "Change point is detected at 434"
[1] "Replication Number: 530 ----------------------------"
[1] "Detection is finished in 1.81384321848551 mins"
[1] "Change point is detected at 1575"
[1] "Replication Number: 531 ----------------------------"
[1] "Detection is finished in 2.83183933099111 mins"
[1] "Change point is detected at 1567"
[1] "Replication Number: 532 ----------------------------"
[1] "Detection is finished in 2.82079871892929 mins"
[1] "Change point is detected at 1593"
[1] "Replication Number: 533 ----------------------------"
[1] "Detection is finished in 2.23615533510844 mins"
[1] "Change point is detected at 1352"
[1] "Replication Number: 534 ----------------------------"
[1] "Detection is finished in 2.16357140143712 mins"
[1] "Change point is detected at 652"
[1] "Replication Number: 535 ----------------------------"
[1] "Detection is finished in 2.04412358204524 mins"
[1] "Change point is detected at 1538"
[1] "Replication Number: 536 ----------------------------"
[1] "Detection is finished in 2.13123761415482 mins"
[1] "Change point is detected at 1596"
[1] "Replication Number: 537 ----------------------------"
[1] "Detection is finished in 1.97199051777522 mins"
[1] "Change point is detected at 1594"
[1] "Replication Number: 538 ----------------------------"
[1] "Detection is finished in 1.68969194889069 mins"
[1] "Change point is detected at 495"
[1] "Replication Number: 539 ----------------------------"
[1] "Detection is finished in 2.11343090136846 mins"
[1] "Change point is detected at 1558"
[1] "Replication Number: 540 ----------------------------"
[1] "Detection is finished in 1.95256549914678 mins"
[1] "Change point is detected at 1570"
[1] "Replication Number: 541 ----------------------------"
[1] "Detection is finished in 1.81343031724294 mins"
[1] "Change point is detected at 1254"
[1] "Replication Number: 542 ----------------------------"
[1] "Detection is finished in 2.10210175116857 mins"
[1] "Change point is detected at 1517"
[1] "Replication Number: 543 ----------------------------"
[1] "Detection is finished in 2.02504300276438 mins"
[1] "Change point is detected at 1600"
[1] "Replication Number: 544 ----------------------------"
[1] "Detection is finished in 2.0838445186615 mins"
[1] "Change point is detected at 1355"
[1] "Replication Number: 545 ----------------------------"
[1] "Detection is finished in 2.07929581801097 mins"
[1] "Change point is detected at 1562"
[1] "Replication Number: 546 ----------------------------"
[1] "Detection is finished in 2.15172729889552 mins"
[1] "Change point is detected at 1555"
[1] "Replication Number: 547 ----------------------------"
[1] "Detection is finished in 2.04308663209279 mins"
[1] "Change point is detected at 1401"
[1] "Replication Number: 548 ----------------------------"
[1] "Detection is finished in 2.01239133278529 mins"
[1] "Change point is detected at 469"
[1] "Replication Number: 549 ----------------------------"
[1] "Detection is finished in 2.12133398453395 mins"
[1] "Change point is detected at 1599"
[1] "Replication Number: 550 ----------------------------"
[1] "Detection is finished in 2.03088934818904 mins"
[1] "Change point is detected at 1582"
[1] "Replication Number: 551 ----------------------------"
[1] "Detection is finished in 2.1467675169309 mins"
[1] "Change point is detected at 500"
[1] "Replication Number: 552 ----------------------------"
[1] "Detection is finished in 2.26994286378225 mins"
[1] "Change point is detected at 1591"
[1] "Replication Number: 553 ----------------------------"
[1] "Detection is finished in 2.02359088261922 mins"
[1] "Change point is detected at 1574"
[1] "Replication Number: 554 ----------------------------"
[1] "Detection is finished in 2.21525781551997 mins"
[1] "Change point is detected at 1594"
[1] "Replication Number: 555 ----------------------------"
[1] "Detection is finished in 2.18480760256449 mins"
[1] "Change point is detected at 1564"
[1] "Replication Number: 556 ----------------------------"
[1] "Detection is finished in 2.0956415494283 mins"
[1] "Change point is detected at 1052"
[1] "Replication Number: 557 ----------------------------"
[1] "Detection is finished in 2.11160705089569 mins"
[1] "Change point is detected at 1526"
[1] "Replication Number: 558 ----------------------------"
[1] "Detection is finished in 2.00924668312073 mins"
[1] "Change point is detected at 676"
[1] "Replication Number: 559 ----------------------------"
[1] "Detection is finished in 2.29513136545817 mins"
[1] "Change point is detected at 459"
[1] "Replication Number: 560 ----------------------------"
[1] "Detection is finished in 2.12227849960327 mins"
[1] "Change point is detected at 428"
[1] "Replication Number: 561 ----------------------------"
[1] "Detection is finished in 2.41292725006739 mins"
[1] "Change point is detected at 1537"
[1] "Replication Number: 562 ----------------------------"
[1] "Detection is finished in 2.23946846723557 mins"
[1] "Change point is detected at 1409"
[1] "Replication Number: 563 ----------------------------"
[1] "Detection is finished in 2.29762229919434 mins"
[1] "Change point is detected at 541"
[1] "Replication Number: 564 ----------------------------"
[1] "Detection is finished in 2.20572936534882 mins"
[1] "Change point is detected at 600"
[1] "Replication Number: 565 ----------------------------"
[1] "Detection is finished in 2.35067319869995 mins"
[1] "Change point is detected at 1600"
[1] "Replication Number: 566 ----------------------------"
[1] "Detection is finished in 2.19248169660568 mins"
[1] "Change point is detected at 1575"
[1] "Replication Number: 567 ----------------------------"
[1] "Detection is finished in 2.25547646681468 mins"
[1] "Change point is detected at 1140"
[1] "Replication Number: 568 ----------------------------"
[1] "Detection is finished in 2.07640089988708 mins"
[1] "Change point is detected at 780"
[1] "Replication Number: 569 ----------------------------"
[1] "Detection is finished in 2.01216981808345 mins"
[1] "Change point is detected at 1385"
[1] "Replication Number: 570 ----------------------------"
[1] "Detection is finished in 2.01737755139669 mins"
[1] "Change point is detected at 598"
[1] "Replication Number: 571 ----------------------------"
[1] "Detection is finished in 2.16967846552531 mins"
[1] "Change point is detected at 401"
[1] "Replication Number: 572 ----------------------------"
[1] "Detection is finished in 2.19475388129552 mins"
[1] "Change point is detected at 1592"
[1] "Replication Number: 573 ----------------------------"
[1] "Detection is finished in 2.25709591706594 mins"
[1] "Change point is detected at 447"
[1] "Replication Number: 574 ----------------------------"
[1] "Detection is finished in 2.07997339963913 mins"
[1] "Change point is detected at 1368"
[1] "Replication Number: 575 ----------------------------"
[1] "Detection is finished in 2.10957573254903 mins"
[1] "Change point is detected at 826"
[1] "Replication Number: 576 ----------------------------"
[1] "Detection is finished in 2.15307651758194 mins"
[1] "Change point is detected at 671"
[1] "Intermediate save: completed 150 replications"
[1] "Replication Number: 577 ----------------------------"
[1] "Detection is finished in 2.4925191005071 mins"
[1] "Change point is detected at 1366"
[1] "Replication Number: 578 ----------------------------"
[1] "Detection is finished in 3.1705646832784 mins"
[1] "Change point is detected at 451"
[1] "Replication Number: 579 ----------------------------"
[1] "Detection is finished in 3.30750649770101 mins"
[1] "Change point is detected at 1390"
[1] "Replication Number: 580 ----------------------------"
[1] "Detection is finished in 2.51286424795787 mins"
[1] "Change point is detected at 1557"
[1] "Replication Number: 581 ----------------------------"
[1] "Detection is finished in 2.01586383581161 mins"
[1] "Change point is detected at 525"
[1] "Replication Number: 582 ----------------------------"
[1] "Detection is finished in 2.04592946767807 mins"
[1] "Change point is detected at 590"
[1] "Replication Number: 583 ----------------------------"
[1] "Detection is finished in 2.12550489902496 mins"
[1] "Change point is detected at 410"
[1] "Replication Number: 584 ----------------------------"
[1] "Detection is finished in 1.72727361917496 mins"
[1] "Change point is detected at 400"
[1] "Replication Number: 585 ----------------------------"
[1] "Detection is finished in 2.09083131949107 mins"
[1] "Change point is detected at 493"
[1] "Replication Number: 586 ----------------------------"
[1] "Detection is finished in 2.16548661788305 mins"
[1] "Change point is detected at 1426"
[1] "Replication Number: 587 ----------------------------"
[1] "Detection is finished in 1.51075945297877 mins"
[1] "Change point is detected at 1589"
[1] "Replication Number: 588 ----------------------------"
[1] "Detection is finished in 2.03872386614482 mins"
[1] "Change point is detected at 805"
[1] "Replication Number: 589 ----------------------------"
[1] "Detection is finished in 1.76576418479284 mins"
[1] "Change point is detected at 443"
[1] "Replication Number: 590 ----------------------------"
[1] "Detection is finished in 1.88420243263245 mins"
[1] "Change point is detected at 1558"
[1] "Replication Number: 591 ----------------------------"
[1] "Detection is finished in 1.98969996770223 mins"
[1] "Change point is detected at 1549"
[1] "Replication Number: 592 ----------------------------"
[1] "Detection is finished in 1.94615696668625 mins"
[1] "Change point is detected at 1480"
[1] "Replication Number: 593 ----------------------------"
[1] "Detection is finished in 1.84783211549123 mins"
[1] "Change point is detected at 424"
[1] "Replication Number: 594 ----------------------------"
[1] "Detection is finished in 2.1447767496109 mins"
[1] "Change point is detected at 1466"
[1] "Replication Number: 595 ----------------------------"
[1] "Detection is finished in 1.97968718210856 mins"
[1] "Change point is detected at 476"
[1] "Replication Number: 596 ----------------------------"
[1] "Detection is finished in 4.44708784818649 mins"
[1] "Change point is detected at 1538"
[1] "Replication Number: 597 ----------------------------"
[1] "Detection is finished in 2.11871778567632 mins"
[1] "Change point is detected at 410"
[1] "Replication Number: 598 ----------------------------"
[1] "Detection is finished in 1.49910773436228 mins"
[1] "Change point is detected at 1596"
[1] "Replication Number: 599 ----------------------------"
[1] "Detection is finished in 1.57813310225805 mins"
[1] "Change point is detected at 1534"
[1] "Replication Number: 600 ----------------------------"
[1] "Detection is finished in 1.87365308205287 mins"
[1] "Change point is detected at 1543"
[1] "Replication Number: 601 ----------------------------"
[1] "Detection is finished in 1.72565280199051 mins"
[1] "Change point is detected at 1523"
[1] "Replication Number: 602 ----------------------------"
[1] "Detection is finished in 2.01876031557719 mins"
[1] "Change point is detected at 1600"
[1] "Replication Number: 603 ----------------------------"
[1] "Detection is finished in 2.0059260169665 mins"
[1] "Change point is detected at 1599"
[1] "Replication Number: 604 ----------------------------"
[1] "Detection is finished in 2.1270716826121 mins"
[1] "Change point is detected at 1588"
[1] "Replication Number: 605 ----------------------------"
[1] "Detection is finished in 2.04788311719894 mins"
[1] "Change point is detected at 496"
[1] "Replication Number: 606 ----------------------------"
[1] "Detection is finished in 1.65061531464259 mins"
[1] "Change point is detected at 557"
[1] "Replication Number: 607 ----------------------------"
[1] "Detection is finished in 1.76758293310801 mins"
[1] "Change point is detected at 1580"
[1] "Replication Number: 608 ----------------------------"
[1] "Detection is finished in 2.04468401670456 mins"
[1] "Change point is detected at 628"
[1] "Replication Number: 609 ----------------------------"
[1] "Detection is finished in 1.81496850252151 mins"
[1] "Change point is detected at 1567"
[1] "Replication Number: 610 ----------------------------"
[1] "Detection is finished in 9.32205726305644 mins"
[1] "Change point is detected at 1565"
[1] "Replication Number: 611 ----------------------------"
[1] "Detection is finished in 1.58125756978989 mins"
[1] "Change point is detected at 1542"
[1] "Replication Number: 612 ----------------------------"
[1] "Detection is finished in 1.9831326007843 mins"
[1] "Change point is detected at 401"
[1] "Replication Number: 613 ----------------------------"
[1] "Detection is finished in 3.83083818356196 mins"
[1] "Change point is detected at 479"
[1] "Replication Number: 614 ----------------------------"
[1] "Detection is finished in 2.01550116936366 mins"
[1] "Change point is detected at 407"
[1] "Replication Number: 615 ----------------------------"
[1] "Detection is finished in 4.10808843374252 mins"
[1] "Change point is detected at 1579"
[1] "Replication Number: 616 ----------------------------"
[1] "Detection is finished in 2.55653636455536 mins"
[1] "Change point is detected at 945"
[1] "Replication Number: 617 ----------------------------"
[1] "Detection is finished in 2.56117514769236 mins"
[1] "Change point is detected at 1412"
[1] "Replication Number: 618 ----------------------------"
[1] "Detection is finished in 2.05204864740372 mins"
[1] "Change point is detected at 1553"
[1] "Replication Number: 619 ----------------------------"
[1] "Detection is finished in 2.42857653697332 mins"
[1] "Change point is detected at 534"
[1] "Replication Number: 620 ----------------------------"
[1] "Detection is finished in 2.31492213408152 mins"
[1] "Change point is detected at 1600"
[1] "Replication Number: 621 ----------------------------"
[1] "Detection is finished in 1.9653831799825 mins"
[1] "Change point is detected at 1574"
[1] "Replication Number: 622 ----------------------------"
[1] "Detection is finished in 2.48849459886551 mins"
[1] "Change point is detected at 408"
[1] "Replication Number: 623 ----------------------------"
[1] "Detection is finished in 2.00846721728643 mins"
[1] "Change point is detected at 1582"
[1] "Replication Number: 624 ----------------------------"
[1] "Detection is finished in 2.4882210334142 mins"
[1] "Change point is detected at 1521"
[1] "Replication Number: 625 ----------------------------"
[1] "Detection is finished in 2.49051223198573 mins"
[1] "Change point is detected at 1591"
[1] "Replication Number: 626 ----------------------------"
[1] "Detection is finished in 2.05470876693726 mins"
[1] "Change point is detected at 859"
[1] "Intermediate save: completed 200 replications"
[1] "Replication Number: 627 ----------------------------"
[1] "Detection is finished in 2.60299315055211 mins"
[1] "Change point is detected at 407"
[1] "Replication Number: 628 ----------------------------"
[1] "Detection is finished in 2.18479129870733 mins"
[1] "Change point is detected at 429"
[1] "Replication Number: 629 ----------------------------"
[1] "Detection is finished in 3.18614061673482 mins"
[1] "Change point is detected at 417"
[1] "Replication Number: 630 ----------------------------"
[1] "Detection is finished in 4.0877428650856 mins"
[1] "Change point is detected at 1598"
[1] "Replication Number: 631 ----------------------------"
[1] "Detection is finished in 4.0886777639389 mins"
[1] "Change point is detected at 1552"
[1] "Replication Number: 632 ----------------------------"
[1] "Detection is finished in 3.51069749991099 mins"
[1] "Change point is detected at 802"
[1] "Replication Number: 633 ----------------------------"
[1] "Detection is finished in 3.43711951971054 mins"
[1] "Change point is detected at 1492"
[1] "Replication Number: 634 ----------------------------"
[1] "Detection is finished in 4.09438363313675 mins"
[1] "Change point is detected at 409"
[1] "Replication Number: 635 ----------------------------"
[1] "Detection is finished in 4.78035253286362 mins"
[1] "Change point is detected at 1390"
[1] "Replication Number: 636 ----------------------------"
