[13:27:09] Starting: exp_null | RF | n=2000, p=1000
[1] "Replication Number: 1 ----------------------------"
[1] "Detection is finished in 31.6851208209991 secs"
[1] "Change point is detected at 1041"
[1] "Replication Number: 2 ----------------------------"
[1] "Detection is finished in 32.2664420604706 secs"
[1] "Change point is detected at 435"
[1] "Replication Number: 3 ----------------------------"
[1] "Detection is finished in 38.2154619693756 secs"
[1] "Change point is detected at 1502"
[1] "Replication Number: 4 ----------------------------"
[1] "Detection is finished in 35.672954082489 secs"
[1] "Change point is detected at 407"
[1] "Replication Number: 5 ----------------------------"
[1] "Detection is finished in 37.4301109313965 secs"
[1] "Change point is detected at 841"
[1] "Replication Number: 6 ----------------------------"
[1] "Detection is finished in 35.4213621616364 secs"
[1] "Change point is detected at 1591"
[1] "Replication Number: 7 ----------------------------"
[1] "Detection is finished in 36.0261700153351 secs"
[1] "Change point is detected at 450"
[1] "Replication Number: 8 ----------------------------"
[1] "Detection is finished in 41.8650481700897 secs"
[1] "Change point is detected at 444"
[1] "Replication Number: 9 ----------------------------"
[1] "Detection is finished in 36.8904161453247 secs"
[1] "Change point is detected at 401"
[1] "Replication Number: 10 ----------------------------"
[1] "Detection is finished in 35.1495909690857 secs"
[1] "Change point is detected at 573"
[1] "Replication Number: 11 ----------------------------"
[1] "Detection is finished in 42.6220288276672 secs"
[1] "Change point is detected at 1423"
[1] "Replication Number: 12 ----------------------------"
[1] "Detection is finished in 29.8740389347076 secs"
[1] "Change point is detected at 1547"
[1] "Replication Number: 13 ----------------------------"
[1] "Detection is finished in 36.3194880485535 secs"
[1] "Change point is detected at 431"
[1] "Replication Number: 14 ----------------------------"
[1] "Detection is finished in 32.554202079773 secs"
[1] "Change point is detected at 805"
[1] "Replication Number: 15 ----------------------------"
[1] "Detection is finished in 34.967059135437 secs"
[1] "Change point is detected at 407"
[1] "Replication Number: 16 ----------------------------"
[1] "Detection is finished in 35.8707098960876 secs"
[1] "Change point is detected at 1316"
[1] "Replication Number: 17 ----------------------------"
[1] "Detection is finished in 39.026762008667 secs"
[1] "Change point is detected at 1574"
[1] "Replication Number: 18 ----------------------------"
[1] "Detection is finished in 36.0933258533478 secs"
[1] "Change point is detected at 453"
[1] "Replication Number: 19 ----------------------------"
[1] "Detection is finished in 34.9343430995941 secs"
[1] "Change point is detected at 1551"
[1] "Replication Number: 20 ----------------------------"
[1] "Detection is finished in 44.4233980178833 secs"
[1] "Change point is detected at 1582"
[1] "Replication Number: 21 ----------------------------"
[1] "Detection is finished in 41.0590579509735 secs"
[1] "Change point is detected at 1528"
[1] "Replication Number: 22 ----------------------------"
[1] "Detection is finished in 30.0028898715973 secs"
[1] "Change point is detected at 923"
[1] "Replication Number: 23 ----------------------------"
[1] "Detection is finished in 40.6651151180267 secs"
[1] "Change point is detected at 402"
[1] "Replication Number: 24 ----------------------------"
[1] "Detection is finished in 35.9549579620361 secs"
[1] "Change point is detected at 1356"
[1] "Replication Number: 25 ----------------------------"
[1] "Detection is finished in 42.9304890632629 secs"
[1] "Change point is detected at 1599"
[1] "Replication Number: 26 ----------------------------"
[1] "Detection is finished in 34.0870890617371 secs"
[1] "Change point is detected at 1540"
[1] "Replication Number: 27 ----------------------------"
[1] "Detection is finished in 37.5287671089172 secs"
[1] "Change point is detected at 1560"
[1] "Replication Number: 28 ----------------------------"
[1] "Detection is finished in 35.4208040237427 secs"
[1] "Change point is detected at 537"
[1] "Replication Number: 29 ----------------------------"
[1] "Detection is finished in 40.6090321540833 secs"
[1] "Change point is detected at 447"
[1] "Replication Number: 30 ----------------------------"
[1] "Detection is finished in 42.4835691452026 secs"
[1] "Change point is detected at 438"
[1] "Replication Number: 31 ----------------------------"
[1] "Detection is finished in 38.8413219451904 secs"
[1] "Change point is detected at 400"
[1] "Replication Number: 32 ----------------------------"
[1] "Detection is finished in 39.8645491600037 secs"
[1] "Change point is detected at 1558"
[1] "Replication Number: 33 ----------------------------"
[1] "Detection is finished in 39.0259590148926 secs"
[1] "Change point is detected at 1488"
[1] "Replication Number: 34 ----------------------------"
[1] "Detection is finished in 35.6429688930511 secs"
[1] "Change point is detected at 1600"
[1] "Replication Number: 35 ----------------------------"
[1] "Detection is finished in 30.8234469890594 secs"
[1] "Change point is detected at 674"
[1] "Replication Number: 36 ----------------------------"
[1] "Detection is finished in 33.696583032608 secs"
[1] "Change point is detected at 893"
[1] "Replication Number: 37 ----------------------------"
[1] "Detection is finished in 38.6565020084381 secs"
[1] "Change point is detected at 413"
[1] "Replication Number: 38 ----------------------------"
[1] "Detection is finished in 38.835480928421 secs"
[1] "Change point is detected at 1590"
[1] "Replication Number: 39 ----------------------------"
[1] "Detection is finished in 33.3115401268005 secs"
[1] "Change point is detected at 847"
[1] "Replication Number: 40 ----------------------------"
[1] "Detection is finished in 45.5025827884674 secs"
[1] "Change point is detected at 1598"
[1] "Replication Number: 41 ----------------------------"
[1] "Detection is finished in 36.2964692115784 secs"
[1] "Change point is detected at 495"
[1] "Replication Number: 42 ----------------------------"
[1] "Detection is finished in 26.0355801582336 secs"
[1] "Change point is detected at 400"
[1] "Replication Number: 43 ----------------------------"
[1] "Detection is finished in 35.7123279571533 secs"
[1] "Change point is detected at 432"
[1] "Replication Number: 44 ----------------------------"
[1] "Detection is finished in 36.3875761032104 secs"
[1] "Change point is detected at 517"
[1] "Replication Number: 45 ----------------------------"
[1] "Detection is finished in 28.967080116272 secs"
[1] "Change point is detected at 401"
[1] "Replication Number: 46 ----------------------------"
[1] "Detection is finished in 36.6076140403748 secs"
[1] "Change point is detected at 1600"
[1] "Replication Number: 47 ----------------------------"
[1] "Detection is finished in 39.0940661430359 secs"
[1] "Change point is detected at 1403"
[1] "Replication Number: 48 ----------------------------"
[1] "Detection is finished in 36.171345949173 secs"
[1] "Change point is detected at 407"
[1] "Replication Number: 49 ----------------------------"
[1] "Detection is finished in 34.3513879776001 secs"
[1] "Change point is detected at 526"
[1] "Replication Number: 50 ----------------------------"
[1] "Detection is finished in 42.693922996521 secs"
[1] "Change point is detected at 1589"
[1] "Replication Number: 51 ----------------------------"
[1] "Detection is finished in 33.8953058719635 secs"
[1] "Change point is detected at 630"
[1] "Replication Number: 52 ----------------------------"
[1] "Detection is finished in 35.910502910614 secs"
[1] "Change point is detected at 1368"
[1] "Replication Number: 53 ----------------------------"
[1] "Detection is finished in 37.1776859760284 secs"
[1] "Change point is detected at 1568"
[1] "Replication Number: 54 ----------------------------"
[1] "Detection is finished in 31.7027320861816 secs"
[1] "Change point is detected at 417"
[1] "Replication Number: 55 ----------------------------"
[1] "Detection is finished in 36.9995019435883 secs"
[1] "Change point is detected at 402"
[1] "Replication Number: 56 ----------------------------"
[1] "Detection is finished in 32.2975549697876 secs"
[1] "Change point is detected at 1589"
[1] "Replication Number: 57 ----------------------------"
[1] "Detection is finished in 35.9778230190277 secs"
[1] "Change point is detected at 1510"
[1] "Replication Number: 58 ----------------------------"
[1] "Detection is finished in 32.7102580070496 secs"
[1] "Change point is detected at 592"
[1] "Replication Number: 59 ----------------------------"
[1] "Detection is finished in 32.0125858783722 secs"
[1] "Change point is detected at 889"
[1] "Replication Number: 60 ----------------------------"
[1] "Detection is finished in 35.1082420349121 secs"
[1] "Change point is detected at 460"
[1] "Replication Number: 61 ----------------------------"
[1] "Detection is finished in 36.4087572097778 secs"
[1] "Change point is detected at 1501"
[1] "Replication Number: 62 ----------------------------"
[1] "Detection is finished in 35.8787231445312 secs"
[1] "Change point is detected at 1537"
[1] "Replication Number: 63 ----------------------------"
[1] "Detection is finished in 37.893559217453 secs"
[1] "Change point is detected at 748"
[1] "Replication Number: 64 ----------------------------"
[1] "Detection is finished in 41.7167239189148 secs"
[1] "Change point is detected at 918"
[1] "Replication Number: 65 ----------------------------"
[1] "Detection is finished in 36.8803560733795 secs"
[1] "Change point is detected at 1530"
[1] "Replication Number: 66 ----------------------------"
[1] "Detection is finished in 35.2697639465332 secs"
[1] "Change point is detected at 1293"
[1] "Replication Number: 67 ----------------------------"
[1] "Detection is finished in 38.4197368621826 secs"
[1] "Change point is detected at 400"
[1] "Replication Number: 68 ----------------------------"
[1] "Detection is finished in 46.9114320278168 secs"
[1] "Change point is detected at 400"
[1] "Replication Number: 69 ----------------------------"
[1] "Detection is finished in 33.6734609603882 secs"
[1] "Change point is detected at 448"
[1] "Replication Number: 70 ----------------------------"
[1] "Detection is finished in 32.1573450565338 secs"
[1] "Change point is detected at 414"
[1] "Replication Number: 71 ----------------------------"
[1] "Detection is finished in 44.3693709373474 secs"
[1] "Change point is detected at 1381"
[1] "Replication Number: 72 ----------------------------"
[1] "Detection is finished in 41.348531961441 secs"
[1] "Change point is detected at 499"
[1] "Replication Number: 73 ----------------------------"
[1] "Detection is finished in 39.219367980957 secs"
[1] "Change point is detected at 1505"
[1] "Replication Number: 74 ----------------------------"
[1] "Detection is finished in 39.1084840297699 secs"
[1] "Change point is detected at 1600"
[1] "Replication Number: 75 ----------------------------"
[1] "Detection is finished in 34.9854218959808 secs"
[1] "Change point is detected at 1397"
[1] "Replication Number: 76 ----------------------------"
[1] "Detection is finished in 33.0012249946594 secs"
[1] "Change point is detected at 1003"
[1] "Replication Number: 77 ----------------------------"
[1] "Detection is finished in 33.7154109477997 secs"
[1] "Change point is detected at 1553"
[1] "Replication Number: 78 ----------------------------"
[1] "Detection is finished in 45.5195829868317 secs"
[1] "Change point is detected at 1375"
[1] "Replication Number: 79 ----------------------------"
[1] "Detection is finished in 41.6819620132446 secs"
[1] "Change point is detected at 400"
[1] "Replication Number: 80 ----------------------------"
[1] "Detection is finished in 37.1114699840546 secs"
[1] "Change point is detected at 468"
[1] "Replication Number: 81 ----------------------------"
[1] "Detection is finished in 39.1049339771271 secs"
[1] "Change point is detected at 1326"
[1] "Replication Number: 82 ----------------------------"
[1] "Detection is finished in 36.5552320480347 secs"
[1] "Change point is detected at 424"
[1] "Replication Number: 83 ----------------------------"
[1] "Detection is finished in 35.2129700183868 secs"
[1] "Change point is detected at 1170"
[1] "Replication Number: 84 ----------------------------"
[1] "Detection is finished in 37.2043890953064 secs"
[1] "Change point is detected at 1592"
[1] "Replication Number: 85 ----------------------------"
[1] "Detection is finished in 38.173437833786 secs"
[1] "Change point is detected at 445"
[1] "Replication Number: 86 ----------------------------"
[1] "Detection is finished in 37.9699840545654 secs"
[1] "Change point is detected at 1262"
[1] "Replication Number: 87 ----------------------------"
[1] "Detection is finished in 40.6412279605865 secs"
[1] "Change point is detected at 1596"
[1] "Replication Number: 88 ----------------------------"
[1] "Detection is finished in 38.5352342128754 secs"
[1] "Change point is detected at 408"
[1] "Replication Number: 89 ----------------------------"
[1] "Detection is finished in 38.2856779098511 secs"
[1] "Change point is detected at 1190"
[1] "Replication Number: 90 ----------------------------"
[1] "Detection is finished in 33.1176030635834 secs"
[1] "Change point is detected at 1600"
[1] "Replication Number: 91 ----------------------------"
[1] "Detection is finished in 33.8780889511108 secs"
[1] "Change point is detected at 1569"
[1] "Replication Number: 92 ----------------------------"
[1] "Detection is finished in 36.6639308929443 secs"
[1] "Change point is detected at 468"
[1] "Replication Number: 93 ----------------------------"
[1] "Detection is finished in 40.1727569103241 secs"
[1] "Change point is detected at 1597"
[1] "Replication Number: 94 ----------------------------"
[1] "Detection is finished in 34.7668550014496 secs"
[1] "Change point is detected at 641"
[1] "Replication Number: 95 ----------------------------"
[1] "Detection is finished in 34.6875200271606 secs"
[1] "Change point is detected at 1564"
[1] "Replication Number: 96 ----------------------------"
[1] "Detection is finished in 33.0720338821411 secs"
[1] "Change point is detected at 536"
[1] "Replication Number: 97 ----------------------------"
[1] "Detection is finished in 33.719092130661 secs"
[1] "Change point is detected at 670"
[1] "Replication Number: 98 ----------------------------"
[1] "Detection is finished in 30.8407158851624 secs"
[1] "Change point is detected at 1593"
[1] "Replication Number: 99 ----------------------------"
[1] "Detection is finished in 29.5115869045258 secs"
[1] "Change point is detected at 1311"
[1] "Replication Number: 100 ----------------------------"
[1] "Detection is finished in 30.9620790481567 secs"
[1] "Change point is detected at 1584"
[1] "Replication Number: 101 ----------------------------"
[1] "Detection is finished in 26.5934710502625 secs"
[1] "Change point is detected at 411"
[1] "Replication Number: 102 ----------------------------"
[1] "Detection is finished in 34.7647540569305 secs"
[1] "Change point is detected at 784"
[1] "Replication Number: 103 ----------------------------"
[1] "Detection is finished in 46.5090410709381 secs"
[1] "Change point is detected at 517"
[1] "Replication Number: 104 ----------------------------"
[1] "Detection is finished in 44.1065049171448 secs"
[1] "Change point is detected at 527"
[1] "Replication Number: 105 ----------------------------"
[1] "Detection is finished in 57.3486669063568 secs"
[1] "Change point is detected at 403"
[1] "Replication Number: 106 ----------------------------"
[1] "Detection is finished in 38.7190518379211 secs"
[1] "Change point is detected at 489"
[1] "Replication Number: 107 ----------------------------"
[1] "Detection is finished in 43.5524508953094 secs"
[1] "Change point is detected at 1472"
[1] "Replication Number: 108 ----------------------------"
[1] "Detection is finished in 31.006078004837 secs"
[1] "Change point is detected at 1574"
[1] "Replication Number: 109 ----------------------------"
[1] "Detection is finished in 40.9046061038971 secs"
[1] "Change point is detected at 400"
[1] "Replication Number: 110 ----------------------------"
[1] "Detection is finished in 40.6348612308502 secs"
[1] "Change point is detected at 1589"
[1] "Replication Number: 111 ----------------------------"
[1] "Detection is finished in 34.2892000675201 secs"
[1] "Change point is detected at 1196"
[1] "Replication Number: 112 ----------------------------"
[1] "Detection is finished in 37.8675491809845 secs"
[1] "Change point is detected at 971"
[1] "Replication Number: 113 ----------------------------"
[1] "Detection is finished in 38.8428330421448 secs"
[1] "Change point is detected at 1526"
[1] "Replication Number: 114 ----------------------------"
[1] "Detection is finished in 40.4901788234711 secs"
[1] "Change point is detected at 400"
[1] "Replication Number: 115 ----------------------------"
[1] "Detection is finished in 42.4390358924866 secs"
[1] "Change point is detected at 452"
[1] "Replication Number: 116 ----------------------------"
[1] "Detection is finished in 35.5740399360657 secs"
[1] "Change point is detected at 440"
[1] "Replication Number: 117 ----------------------------"
[1] "Detection is finished in 34.8060259819031 secs"
[1] "Change point is detected at 1590"
[1] "Replication Number: 118 ----------------------------"
[1] "Detection is finished in 38.9005770683289 secs"
[1] "Change point is detected at 529"
[1] "Replication Number: 119 ----------------------------"
[1] "Detection is finished in 44.6807909011841 secs"
[1] "Change point is detected at 471"
[1] "Replication Number: 120 ----------------------------"
[1] "Detection is finished in 37.2418599128723 secs"
[1] "Change point is detected at 606"
[1] "Replication Number: 121 ----------------------------"
[1] "Detection is finished in 37.9295978546143 secs"
[1] "Change point is detected at 1520"
[1] "Replication Number: 122 ----------------------------"
[1] "Detection is finished in 38.8254461288452 secs"
[1] "Change point is detected at 597"
[1] "Replication Number: 123 ----------------------------"
[1] "Detection is finished in 34.0027589797974 secs"
[1] "Change point is detected at 1059"
[1] "Replication Number: 124 ----------------------------"
[1] "Detection is finished in 43.1914079189301 secs"
[1] "Change point is detected at 430"
[1] "Replication Number: 125 ----------------------------"
[1] "Detection is finished in 41.0833058357239 secs"
[1] "Change point is detected at 1544"
[1] "Replication Number: 126 ----------------------------"
[1] "Detection is finished in 37.8759579658508 secs"
[1] "Change point is detected at 579"
[1] "Replication Number: 127 ----------------------------"
[1] "Detection is finished in 40.0085418224335 secs"
[1] "Change point is detected at 1600"
[1] "Replication Number: 128 ----------------------------"
[1] "Detection is finished in 35.5408279895782 secs"
[1] "Change point is detected at 1322"
[1] "Replication Number: 129 ----------------------------"
[1] "Detection is finished in 35.4137148857117 secs"
[1] "Change point is detected at 1515"
[1] "Replication Number: 130 ----------------------------"
[1] "Detection is finished in 36.1344759464264 secs"
[1] "Change point is detected at 1510"
[1] "Replication Number: 131 ----------------------------"
[1] "Detection is finished in 33.047844171524 secs"
[1] "Change point is detected at 1525"
[1] "Replication Number: 132 ----------------------------"
[1] "Detection is finished in 40.2882590293884 secs"
[1] "Change point is detected at 451"
[1] "Replication Number: 133 ----------------------------"
[1] "Detection is finished in 42.7801480293274 secs"
[1] "Change point is detected at 427"
[1] "Replication Number: 134 ----------------------------"
[1] "Detection is finished in 32.5972149372101 secs"
[1] "Change point is detected at 1599"
[1] "Replication Number: 135 ----------------------------"
[1] "Detection is finished in 43.8114938735962 secs"
[1] "Change point is detected at 428"
[1] "Replication Number: 136 ----------------------------"
[1] "Detection is finished in 40.1736898422241 secs"
[1] "Change point is detected at 1597"
[1] "Replication Number: 137 ----------------------------"
[1] "Detection is finished in 40.0027499198914 secs"
[1] "Change point is detected at 1570"
[1] "Replication Number: 138 ----------------------------"
[1] "Detection is finished in 37.9290599822998 secs"
[1] "Change point is detected at 1589"
[1] "Replication Number: 139 ----------------------------"
[1] "Detection is finished in 33.9469859600067 secs"
[1] "Change point is detected at 899"
[1] "Replication Number: 140 ----------------------------"
[1] "Detection is finished in 36.7377908229828 secs"
[1] "Change point is detected at 420"
[1] "Replication Number: 141 ----------------------------"
[1] "Detection is finished in 41.2125239372253 secs"
[1] "Change point is detected at 1493"
[1] "Replication Number: 142 ----------------------------"
[1] "Detection is finished in 39.9034178256989 secs"
[1] "Change point is detected at 418"
[1] "Replication Number: 143 ----------------------------"
[1] "Detection is finished in 40.9622609615326 secs"
[1] "Change point is detected at 436"
[1] "Replication Number: 144 ----------------------------"
[1] "Detection is finished in 38.2032868862152 secs"
[1] "Change point is detected at 550"
[1] "Replication Number: 145 ----------------------------"
[1] "Detection is finished in 39.6055719852448 secs"
[1] "Change point is detected at 406"
[1] "Replication Number: 146 ----------------------------"
[1] "Detection is finished in 39.8667221069336 secs"
[1] "Change point is detected at 1554"
[1] "Replication Number: 147 ----------------------------"
[1] "Detection is finished in 31.5395958423615 secs"
[1] "Change point is detected at 1586"
[1] "Replication Number: 148 ----------------------------"
[1] "Detection is finished in 39.654139995575 secs"
[1] "Change point is detected at 1541"
[1] "Replication Number: 149 ----------------------------"
[1] "Detection is finished in 40.0486669540405 secs"
[1] "Change point is detected at 406"
[1] "Replication Number: 150 ----------------------------"
[1] "Detection is finished in 40.3894190788269 secs"
[1] "Change point is detected at 1565"
[1] "Replication Number: 151 ----------------------------"
[1] "Detection is finished in 37.3311100006104 secs"
[1] "Change point is detected at 400"
[1] "Replication Number: 152 ----------------------------"
[1] "Detection is finished in 33.7706699371338 secs"
[1] "Change point is detected at 467"
[1] "Replication Number: 153 ----------------------------"
[1] "Detection is finished in 37.7425801753998 secs"
[1] "Change point is detected at 1245"
[1] "Replication Number: 154 ----------------------------"
[1] "Detection is finished in 35.8569509983063 secs"
[1] "Change point is detected at 1529"
[1] "Replication Number: 155 ----------------------------"
[1] "Detection is finished in 34.2633800506592 secs"
[1] "Change point is detected at 930"
[1] "Replication Number: 156 ----------------------------"
[1] "Detection is finished in 37.794086933136 secs"
[1] "Change point is detected at 1502"
[1] "Replication Number: 157 ----------------------------"
[1] "Detection is finished in 28.3191149234772 secs"
[1] "Change point is detected at 1523"
[1] "Replication Number: 158 ----------------------------"
[1] "Detection is finished in 42.3349440097809 secs"
[1] "Change point is detected at 1466"
[1] "Replication Number: 159 ----------------------------"
[1] "Detection is finished in 35.0938220024109 secs"
[1] "Change point is detected at 511"
[1] "Replication Number: 160 ----------------------------"
[1] "Detection is finished in 41.9649980068207 secs"
[1] "Change point is detected at 428"
[1] "Replication Number: 161 ----------------------------"
[1] "Detection is finished in 34.2197868824005 secs"
[1] "Change point is detected at 409"
[1] "Replication Number: 162 ----------------------------"
[1] "Detection is finished in 39.4345231056213 secs"
[1] "Change point is detected at 576"
[1] "Replication Number: 163 ----------------------------"
[1] "Detection is finished in 34.1789970397949 secs"
[1] "Change point is detected at 401"
[1] "Replication Number: 164 ----------------------------"
[1] "Detection is finished in 48.1325840950012 secs"
[1] "Change point is detected at 422"
[1] "Replication Number: 165 ----------------------------"
[1] "Detection is finished in 41.636568069458 secs"
[1] "Change point is detected at 400"
[1] "Replication Number: 166 ----------------------------"
[1] "Detection is finished in 45.932030916214 secs"
[1] "Change point is detected at 1433"
[1] "Replication Number: 167 ----------------------------"
[1] "Detection is finished in 46.8754980564117 secs"
[1] "Change point is detected at 423"
[1] "Replication Number: 168 ----------------------------"
[1] "Detection is finished in 55.85968708992 secs"
[1] "Change point is detected at 1169"
[1] "Replication Number: 169 ----------------------------"
[1] "Detection is finished in 52.8950378894806 secs"
[1] "Change point is detected at 1586"
[1] "Replication Number: 170 ----------------------------"
[1] "Detection is finished in 44.9852418899536 secs"
[1] "Change point is detected at 1425"
[1] "Replication Number: 171 ----------------------------"
[1] "Detection is finished in 1.15729076464971 mins"
[1] "Change point is detected at 1388"
[1] "Replication Number: 172 ----------------------------"
[1] "Detection is finished in 1.43335545063019 mins"
[1] "Change point is detected at 1583"
[1] "Replication Number: 173 ----------------------------"
[1] "Detection is finished in 1.30696014960607 mins"
[1] "Change point is detected at 1503"
[1] "Replication Number: 174 ----------------------------"
[1] "Detection is finished in 42.9314699172974 secs"
[1] "Change point is detected at 1600"
[1] "Replication Number: 175 ----------------------------"
[1] "Detection is finished in 1.28683216969172 mins"
[1] "Change point is detected at 1596"
[1] "Replication Number: 176 ----------------------------"
[1] "Detection is finished in 2.73989486694336 mins"
[1] "Change point is detected at 400"
[1] "Replication Number: 177 ----------------------------"
[1] "Detection is finished in 1.67249768575033 mins"
[1] "Change point is detected at 1267"
[1] "Replication Number: 178 ----------------------------"
[1] "Detection is finished in 1.67084406614304 mins"
[1] "Change point is detected at 1256"
[1] "Replication Number: 179 ----------------------------"
[1] "Detection is finished in 1.51042029857636 mins"
[1] "Change point is detected at 1546"
[1] "Replication Number: 180 ----------------------------"
[1] "Detection is finished in 1.47971656719844 mins"
[1] "Change point is detected at 886"
[1] "Replication Number: 181 ----------------------------"
[1] "Detection is finished in 1.37929540077845 mins"
[1] "Change point is detected at 1540"
[1] "Replication Number: 182 ----------------------------"
[1] "Detection is finished in 48.0128211975098 secs"
[1] "Change point is detected at 1565"
[1] "Replication Number: 183 ----------------------------"
[1] "Detection is finished in 51.0998120307922 secs"
[1] "Change point is detected at 1319"
[1] "Replication Number: 184 ----------------------------"
[1] "Detection is finished in 52.6531751155853 secs"
[1] "Change point is detected at 504"
[1] "Replication Number: 185 ----------------------------"
[1] "Detection is finished in 45.4664740562439 secs"
[1] "Change point is detected at 409"
[1] "Replication Number: 186 ----------------------------"
[1] "Detection is finished in 37.0005760192871 secs"
[1] "Change point is detected at 402"
[1] "Replication Number: 187 ----------------------------"
[1] "Detection is finished in 1.03174691597621 mins"
[1] "Change point is detected at 418"
[1] "Replication Number: 188 ----------------------------"
[1] "Detection is finished in 1.07210836807887 mins"
[1] "Change point is detected at 1594"
[1] "Replication Number: 189 ----------------------------"
[1] "Detection is finished in 1.07889698346456 mins"
[1] "Change point is detected at 566"
[1] "Replication Number: 190 ----------------------------"
[1] "Detection is finished in 56.6376311779022 secs"
[1] "Change point is detected at 1546"
[1] "Replication Number: 191 ----------------------------"
[1] "Detection is finished in 55.8202788829803 secs"
[1] "Change point is detected at 1598"
[1] "Replication Number: 192 ----------------------------"
[1] "Detection is finished in 40.3042168617249 secs"
[1] "Change point is detected at 402"
[1] "Replication Number: 193 ----------------------------"
[1] "Detection is finished in 44.9131588935852 secs"
[1] "Change point is detected at 1289"
[1] "Replication Number: 194 ----------------------------"
[1] "Detection is finished in 38.4941499233246 secs"
[1] "Change point is detected at 1599"
[1] "Replication Number: 195 ----------------------------"
[1] "Detection is finished in 38.7646489143372 secs"
[1] "Change point is detected at 455"
[1] "Replication Number: 196 ----------------------------"
[1] "Detection is finished in 47.2465579509735 secs"
[1] "Change point is detected at 1294"
[1] "Replication Number: 197 ----------------------------"
[1] "Detection is finished in 1.00858413378398 mins"
[1] "Change point is detected at 598"
[1] "Replication Number: 198 ----------------------------"
[1] "Detection is finished in 49.5446569919586 secs"
[1] "Change point is detected at 476"
[1] "Replication Number: 199 ----------------------------"
[1] "Detection is finished in 1.04895873069763 mins"
[1] "Change point is detected at 448"
[1] "Replication Number: 200 ----------------------------"
[1] "Detection is finished in 1.01276438633601 mins"
[1] "Change point is detected at 406"
[1] "Replication Number: 201 ----------------------------"
[1] "Detection is finished in 1.41246021588643 mins"
[1] "Change point is detected at 1374"
[1] "Replication Number: 202 ----------------------------"
[1] "Detection is finished in 49.4006419181824 secs"
[1] "Change point is detected at 1509"
[1] "Replication Number: 203 ----------------------------"
[1] "Detection is finished in 44.4867460727692 secs"
[1] "Change point is detected at 1336"
[1] "Replication Number: 204 ----------------------------"
[1] "Detection is finished in 1.05593943198522 mins"
[1] "Change point is detected at 414"
[1] "Replication Number: 205 ----------------------------"
[1] "Detection is finished in 1.06880427996318 mins"
[1] "Change point is detected at 518"
[1] "Replication Number: 206 ----------------------------"
[1] "Detection is finished in 50.5908150672913 secs"
[1] "Change point is detected at 427"
[1] "Replication Number: 207 ----------------------------"
[1] "Detection is finished in 1.1409830848376 mins"
[1] "Change point is detected at 403"
[1] "Replication Number: 208 ----------------------------"
[1] "Detection is finished in 1.19347103436788 mins"
[1] "Change point is detected at 455"
[1] "Replication Number: 209 ----------------------------"
[1] "Detection is finished in 1.19058601856232 mins"
[1] "Change point is detected at 412"
[1] "Replication Number: 210 ----------------------------"
[1] "Detection is finished in 59.7731029987335 secs"
[1] "Change point is detected at 1598"
[1] "Replication Number: 211 ----------------------------"
[1] "Detection is finished in 57.4966201782227 secs"
[1] "Change point is detected at 608"
[1] "Replication Number: 212 ----------------------------"
[1] "Detection is finished in 1.3596826672554 mins"
[1] "Change point is detected at 1260"
[1] "Replication Number: 213 ----------------------------"
[1] "Detection is finished in 49.9018290042877 secs"
[1] "Change point is detected at 414"
[1] "Replication Number: 214 ----------------------------"
[1] "Detection is finished in 1.07539091904958 mins"
[1] "Change point is detected at 1575"
[1] "Replication Number: 215 ----------------------------"
[1] "Detection is finished in 1.07507666746775 mins"
[1] "Change point is detected at 634"
[1] "Replication Number: 216 ----------------------------"
[1] "Detection is finished in 57.359472990036 secs"
[1] "Change point is detected at 409"
[1] "Replication Number: 217 ----------------------------"
[1] "Detection is finished in 52.3087129592896 secs"
[1] "Change point is detected at 572"
[1] "Replication Number: 218 ----------------------------"
[1] "Detection is finished in 1.05612633228302 mins"
[1] "Change point is detected at 840"
[1] "Replication Number: 219 ----------------------------"
[1] "Detection is finished in 1.28796823422114 mins"
[1] "Change point is detected at 1562"
[1] "Replication Number: 220 ----------------------------"
[1] "Detection is finished in 42.2982671260834 secs"
[1] "Change point is detected at 1285"
[1] "Replication Number: 221 ----------------------------"
[1] "Detection is finished in 1.03525906801224 mins"
[1] "Change point is detected at 1561"
[1] "Replication Number: 222 ----------------------------"
[1] "Detection is finished in 1.03568506638209 mins"
[1] "Change point is detected at 553"
[1] "Replication Number: 223 ----------------------------"
[1] "Detection is finished in 57.2917549610138 secs"
[1] "Change point is detected at 1356"
[1] "Replication Number: 224 ----------------------------"
[1] "Detection is finished in 1.47630698283513 mins"
[1] "Change point is detected at 435"
[1] "Replication Number: 225 ----------------------------"
[1] "Detection is finished in 1.6356546998024 mins"
[1] "Change point is detected at 1594"
[1] "Replication Number: 226 ----------------------------"
[1] "Detection is finished in 1.21823178529739 mins"
[1] "Change point is detected at 1238"
[1] "Replication Number: 227 ----------------------------"
[1] "Detection is finished in 1.02751523256302 mins"
[1] "Change point is detected at 1567"
[1] "Replication Number: 228 ----------------------------"
[1] "Detection is finished in 1.25116674900055 mins"
[1] "Change point is detected at 447"
[1] "Replication Number: 229 ----------------------------"
[1] "Detection is finished in 1.05628376801809 mins"
[1] "Change point is detected at 528"
[1] "Replication Number: 230 ----------------------------"
[1] "Detection is finished in 1.08290820121765 mins"
[1] "Change point is detected at 416"
[1] "Replication Number: 231 ----------------------------"
[1] "Detection is finished in 46.3799319267273 secs"
[1] "Change point is detected at 1541"
[1] "Replication Number: 232 ----------------------------"
[1] "Detection is finished in 48.8468191623688 secs"
[1] "Change point is detected at 1531"
[1] "Replication Number: 233 ----------------------------"
[1] "Detection is finished in 1.06837301651637 mins"
[1] "Change point is detected at 531"
[1] "Replication Number: 234 ----------------------------"
[1] "Detection is finished in 1.00190556844076 mins"
[1] "Change point is detected at 646"
[1] "Replication Number: 235 ----------------------------"
[1] "Detection is finished in 1.23393625020981 mins"
[1] "Change point is detected at 1598"
[1] "Replication Number: 236 ----------------------------"
[1] "Detection is finished in 1.13010041713715 mins"
[1] "Change point is detected at 1366"
[1] "Replication Number: 237 ----------------------------"
[1] "Detection is finished in 47.0469229221344 secs"
[1] "Change point is detected at 1120"
[1] "Replication Number: 238 ----------------------------"
[1] "Detection is finished in 36.6919519901276 secs"
[1] "Change point is detected at 1592"
[1] "Replication Number: 239 ----------------------------"
[1] "Detection is finished in 50.9628789424896 secs"
[1] "Change point is detected at 422"
[1] "Replication Number: 240 ----------------------------"
[1] "Detection is finished in 42.8858470916748 secs"
[1] "Change point is detected at 534"
[1] "Replication Number: 241 ----------------------------"
[1] "Detection is finished in 47.1192750930786 secs"
[1] "Change point is detected at 1581"
[1] "Replication Number: 242 ----------------------------"
[1] "Detection is finished in 55.6383469104767 secs"
[1] "Change point is detected at 400"
[1] "Replication Number: 243 ----------------------------"
[1] "Detection is finished in 1.00376290082932 mins"
[1] "Change point is detected at 428"
[1] "Replication Number: 244 ----------------------------"
[1] "Detection is finished in 1.05050523281097 mins"
[1] "Change point is detected at 1564"
[1] "Replication Number: 245 ----------------------------"
[1] "Detection is finished in 46.3757729530334 secs"
[1] "Change point is detected at 626"
[1] "Replication Number: 246 ----------------------------"
[1] "Detection is finished in 1.08211950063705 mins"
[1] "Change point is detected at 1489"
[1] "Replication Number: 247 ----------------------------"
[1] "Detection is finished in 37.9586038589478 secs"
[1] "Change point is detected at 1566"
[1] "Replication Number: 248 ----------------------------"
[1] "Detection is finished in 48.0141520500183 secs"
[1] "Change point is detected at 404"
[1] "Replication Number: 249 ----------------------------"
[1] "Detection is finished in 49.6201539039612 secs"
[1] "Change point is detected at 444"
[1] "Replication Number: 250 ----------------------------"
[1] "Detection is finished in 36.4909300804138 secs"
[1] "Change point is detected at 1457"
[1] "Replication Number: 251 ----------------------------"
[1] "Detection is finished in 54.5193810462952 secs"
[1] "Change point is detected at 1413"
[1] "Replication Number: 252 ----------------------------"
[1] "Detection is finished in 49.7177979946136 secs"
[1] "Change point is detected at 1597"
[1] "Replication Number: 253 ----------------------------"
[1] "Detection is finished in 45.8374409675598 secs"
[1] "Change point is detected at 422"
[1] "Replication Number: 254 ----------------------------"
[1] "Detection is finished in 45.3681762218475 secs"
[1] "Change point is detected at 1597"
[1] "Replication Number: 255 ----------------------------"
[1] "Detection is finished in 40.4878761768341 secs"
[1] "Change point is detected at 447"
[1] "Replication Number: 256 ----------------------------"
[1] "Detection is finished in 37.3482429981232 secs"
[1] "Change point is detected at 1556"
[1] "Replication Number: 257 ----------------------------"
[1] "Detection is finished in 39.3779740333557 secs"
[1] "Change point is detected at 401"
[1] "Replication Number: 258 ----------------------------"
[1] "Detection is finished in 37.2411289215088 secs"
[1] "Change point is detected at 1569"
[1] "Replication Number: 259 ----------------------------"
[1] "Detection is finished in 45.7016079425812 secs"
[1] "Change point is detected at 509"
[1] "Replication Number: 260 ----------------------------"
[1] "Detection is finished in 56.385468006134 secs"
[1] "Change point is detected at 401"
[1] "Replication Number: 261 ----------------------------"
[1] "Detection is finished in 53.0012509822845 secs"
[1] "Change point is detected at 1559"
[1] "Replication Number: 262 ----------------------------"
[1] "Detection is finished in 1.00883121887843 mins"
[1] "Change point is detected at 1566"
[1] "Replication Number: 263 ----------------------------"
[1] "Detection is finished in 45.7170791625977 secs"
[1] "Change point is detected at 1592"
[1] "Replication Number: 264 ----------------------------"
[1] "Detection is finished in 37.207230091095 secs"
[1] "Change point is detected at 606"
[1] "Replication Number: 265 ----------------------------"
[1] "Detection is finished in 50.9187090396881 secs"
[1] "Change point is detected at 1042"
[1] "Replication Number: 266 ----------------------------"
[1] "Detection is finished in 44.738126039505 secs"
[1] "Change point is detected at 1600"
[1] "Replication Number: 267 ----------------------------"
[1] "Detection is finished in 39.0585141181946 secs"
[1] "Change point is detected at 1570"
[1] "Replication Number: 268 ----------------------------"
[1] "Detection is finished in 56.1138989925385 secs"
[1] "Change point is detected at 452"
[1] "Replication Number: 269 ----------------------------"
[1] "Detection is finished in 45.8700580596924 secs"
[1] "Change point is detected at 400"
[1] "Replication Number: 270 ----------------------------"
[1] "Detection is finished in 40.6194179058075 secs"
[1] "Change point is detected at 615"
[1] "Replication Number: 271 ----------------------------"
[1] "Detection is finished in 28.729984998703 secs"
[1] "Change point is detected at 1485"
[1] "Replication Number: 272 ----------------------------"
[1] "Detection is finished in 34.9616730213165 secs"
[1] "Change point is detected at 1479"
[1] "Replication Number: 273 ----------------------------"
[1] "Detection is finished in 38.8258681297302 secs"
[1] "Change point is detected at 420"
[1] "Replication Number: 274 ----------------------------"
[1] "Detection is finished in 30.7098171710968 secs"
[1] "Change point is detected at 432"
[1] "Replication Number: 275 ----------------------------"
[1] "Detection is finished in 52.8120310306549 secs"
[1] "Change point is detected at 453"
[1] "Replication Number: 276 ----------------------------"
[1] "Detection is finished in 37.6152799129486 secs"
[1] "Change point is detected at 1090"
[1] "Replication Number: 277 ----------------------------"
[1] "Detection is finished in 43.8335070610046 secs"
[1] "Change point is detected at 1215"
[1] "Replication Number: 278 ----------------------------"
[1] "Detection is finished in 54.5970230102539 secs"
[1] "Change point is detected at 1570"
[1] "Replication Number: 279 ----------------------------"
[1] "Detection is finished in 39.9804980754852 secs"
[1] "Change point is detected at 406"
[1] "Replication Number: 280 ----------------------------"
[1] "Detection is finished in 36.947340965271 secs"
[1] "Change point is detected at 635"
[1] "Replication Number: 281 ----------------------------"
[1] "Detection is finished in 34.0669350624084 secs"
[1] "Change point is detected at 431"
[1] "Replication Number: 282 ----------------------------"
[1] "Detection is finished in 41.5820000171661 secs"
[1] "Change point is detected at 1043"
[1] "Replication Number: 283 ----------------------------"
[1] "Detection is finished in 42.1604149341583 secs"
[1] "Change point is detected at 1426"
[1] "Replication Number: 284 ----------------------------"
[1] "Detection is finished in 39.6659619808197 secs"
[1] "Change point is detected at 637"
[1] "Replication Number: 285 ----------------------------"
[1] "Detection is finished in 39.9129769802094 secs"
[1] "Change point is detected at 1600"
[1] "Replication Number: 286 ----------------------------"
[1] "Detection is finished in 1.04509711662928 mins"
[1] "Change point is detected at 555"
[1] "Replication Number: 287 ----------------------------"
[1] "Detection is finished in 5.60059070189794 mins"
[1] "Change point is detected at 1575"
[1] "Replication Number: 288 ----------------------------"
[1] "Detection is finished in 4.42042789856593 mins"
[1] "Change point is detected at 1525"
[1] "Replication Number: 289 ----------------------------"
[1] "Detection is finished in 5.65980460246404 mins"
[1] "Change point is detected at 445"
[1] "Replication Number: 290 ----------------------------"
[1] "Detection is finished in 53.1129801273346 secs"
[1] "Change point is detected at 486"
[1] "Replication Number: 291 ----------------------------"
[1] "Detection is finished in 33.0089800357819 secs"
[1] "Change point is detected at 498"
[1] "Replication Number: 292 ----------------------------"
[1] "Detection is finished in 35.5990860462189 secs"
[1] "Change point is detected at 1599"
[1] "Replication Number: 293 ----------------------------"
[1] "Detection is finished in 35.5471370220184 secs"
[1] "Change point is detected at 415"
[1] "Replication Number: 294 ----------------------------"
[1] "Detection is finished in 38.1057760715485 secs"
[1] "Change point is detected at 591"
[1] "Replication Number: 295 ----------------------------"
[1] "Detection is finished in 41.8902080059052 secs"
[1] "Change point is detected at 422"
[1] "Replication Number: 296 ----------------------------"
[1] "Detection is finished in 32.9228348731995 secs"
[1] "Change point is detected at 1541"
[1] "Replication Number: 297 ----------------------------"
[1] "Detection is finished in 32.9382140636444 secs"
[1] "Change point is detected at 1595"
[1] "Replication Number: 298 ----------------------------"
[1] "Detection is finished in 43.3725929260254 secs"
[1] "Change point is detected at 563"
[1] "Replication Number: 299 ----------------------------"
[1] "Detection is finished in 38.4388298988342 secs"
[1] "Change point is detected at 1588"
[1] "Replication Number: 300 ----------------------------"
[1] "Detection is finished in 43.7104020118713 secs"
[1] "Change point is detected at 1599"
[1] "Replication Number: 301 ----------------------------"
[1] "Detection is finished in 36.6699697971344 secs"
[1] "Change point is detected at 1594"
[1] "Replication Number: 302 ----------------------------"
[1] "Detection is finished in 42.8173489570618 secs"
[1] "Change point is detected at 1564"
[1] "Replication Number: 303 ----------------------------"
[1] "Detection is finished in 43.1725161075592 secs"
[1] "Change point is detected at 407"
[1] "Replication Number: 304 ----------------------------"
[1] "Detection is finished in 42.3434710502625 secs"
[1] "Change point is detected at 1593"
[1] "Replication Number: 305 ----------------------------"
[1] "Detection is finished in 38.8063549995422 secs"
[1] "Change point is detected at 890"
[1] "Replication Number: 306 ----------------------------"
[1] "Detection is finished in 40.6413359642029 secs"
[1] "Change point is detected at 1592"
[1] "Replication Number: 307 ----------------------------"
[1] "Detection is finished in 38.5308620929718 secs"
[1] "Change point is detected at 1284"
[1] "Replication Number: 308 ----------------------------"
[1] "Detection is finished in 40.7342491149902 secs"
[1] "Change point is detected at 1594"
[1] "Replication Number: 309 ----------------------------"
[1] "Detection is finished in 38.4897780418396 secs"
[1] "Change point is detected at 1542"
[1] "Replication Number: 310 ----------------------------"
[1] "Detection is finished in 32.3123750686646 secs"
[1] "Change point is detected at 890"
[1] "Replication Number: 311 ----------------------------"
[1] "Detection is finished in 37.8196949958801 secs"
[1] "Change point is detected at 616"
[1] "Replication Number: 312 ----------------------------"
[1] "Detection is finished in 39.8677599430084 secs"
[1] "Change point is detected at 1499"
[1] "Replication Number: 313 ----------------------------"
[1] "Detection is finished in 38.5259637832642 secs"
[1] "Change point is detected at 733"
[1] "Replication Number: 314 ----------------------------"
[1] "Detection is finished in 39.1978340148926 secs"
[1] "Change point is detected at 1344"
[1] "Replication Number: 315 ----------------------------"
[1] "Detection is finished in 42.4601240158081 secs"
[1] "Change point is detected at 1547"
[1] "Replication Number: 316 ----------------------------"
[1] "Detection is finished in 43.8588049411774 secs"
[1] "Change point is detected at 628"
[1] "Replication Number: 317 ----------------------------"
[1] "Detection is finished in 45.2369239330292 secs"
[1] "Change point is detected at 557"
[1] "Replication Number: 318 ----------------------------"
[1] "Detection is finished in 38.4341750144958 secs"
[1] "Change point is detected at 1516"
[1] "Replication Number: 319 ----------------------------"
[1] "Detection is finished in 37.8961420059204 secs"
[1] "Change point is detected at 412"
[1] "Replication Number: 320 ----------------------------"
[1] "Detection is finished in 36.2900009155273 secs"
[1] "Change point is detected at 1413"
[1] "Replication Number: 321 ----------------------------"
[1] "Detection is finished in 42.4928059577942 secs"
[1] "Change point is detected at 552"
[1] "Replication Number: 322 ----------------------------"
[1] "Detection is finished in 51.5748159885406 secs"
[1] "Change point is detected at 1413"
[1] "Replication Number: 323 ----------------------------"
[1] "Detection is finished in 1.09222630262375 mins"
[1] "Change point is detected at 1581"
[1] "Replication Number: 324 ----------------------------"
[1] "Detection is finished in 46.4236619472504 secs"
[1] "Change point is detected at 1573"
[1] "Replication Number: 325 ----------------------------"
[1] "Detection is finished in 44.2437388896942 secs"
[1] "Change point is detected at 449"
[1] "Replication Number: 326 ----------------------------"
[1] "Detection is finished in 48.3343319892883 secs"
[1] "Change point is detected at 1359"
[1] "Replication Number: 327 ----------------------------"
[1] "Detection is finished in 38.3091998100281 secs"
[1] "Change point is detected at 400"
[1] "Replication Number: 328 ----------------------------"
[1] "Detection is finished in 1.08066883484522 mins"
[1] "Change point is detected at 1542"
[1] "Replication Number: 329 ----------------------------"
[1] "Detection is finished in 42.655886888504 secs"
[1] "Change point is detected at 1532"
[1] "Replication Number: 330 ----------------------------"
[1] "Detection is finished in 44.9880208969116 secs"
[1] "Change point is detected at 1593"
[1] "Replication Number: 331 ----------------------------"
[1] "Detection is finished in 41.22856092453 secs"
[1] "Change point is detected at 1489"
[1] "Replication Number: 332 ----------------------------"
[1] "Detection is finished in 37.4502158164978 secs"
[1] "Change point is detected at 450"
[1] "Replication Number: 333 ----------------------------"
[1] "Detection is finished in 40.7532620429993 secs"
[1] "Change point is detected at 492"
[1] "Replication Number: 334 ----------------------------"
[1] "Detection is finished in 34.758642911911 secs"
[1] "Change point is detected at 549"
[1] "Replication Number: 335 ----------------------------"
[1] "Detection is finished in 43.8472640514374 secs"
[1] "Change point is detected at 401"
[1] "Replication Number: 336 ----------------------------"
[1] "Detection is finished in 47.1911029815674 secs"
[1] "Change point is detected at 401"
[1] "Replication Number: 337 ----------------------------"
[1] "Detection is finished in 49.3698720932007 secs"
[1] "Change point is detected at 429"
[1] "Replication Number: 338 ----------------------------"
[1] "Detection is finished in 37.387736082077 secs"
[1] "Change point is detected at 477"
[1] "Replication Number: 339 ----------------------------"
[1] "Detection is finished in 38.712131023407 secs"
[1] "Change point is detected at 1588"
[1] "Replication Number: 340 ----------------------------"
[1] "Detection is finished in 37.3521389961243 secs"
[1] "Change point is detected at 476"
[1] "Replication Number: 341 ----------------------------"
[1] "Detection is finished in 42.0603189468384 secs"
[1] "Change point is detected at 400"
[1] "Replication Number: 342 ----------------------------"
[1] "Detection is finished in 44.5612440109253 secs"
[1] "Change point is detected at 404"
[1] "Replication Number: 343 ----------------------------"
[1] "Detection is finished in 5.57078324953715 mins"
[1] "Change point is detected at 1563"
[1] "Replication Number: 344 ----------------------------"
[1] "Detection is finished in 1.68222346703211 mins"
[1] "Change point is detected at 412"
[1] "Replication Number: 345 ----------------------------"
[1] "Detection is finished in 1.2925728837649 mins"
[1] "Change point is detected at 1522"
[1] "Replication Number: 346 ----------------------------"
[1] "Detection is finished in 38.7856800556183 secs"
[1] "Change point is detected at 1052"
[1] "Replication Number: 347 ----------------------------"
[1] "Detection is finished in 44.8928439617157 secs"
[1] "Change point is detected at 454"
[1] "Replication Number: 348 ----------------------------"
[1] "Detection is finished in 39.8076560497284 secs"
[1] "Change point is detected at 419"
[1] "Replication Number: 349 ----------------------------"
[1] "Detection is finished in 47.9151129722595 secs"
[1] "Change point is detected at 414"
[1] "Replication Number: 350 ----------------------------"
[1] "Detection is finished in 43.5551290512085 secs"
[1] "Change point is detected at 595"
[1] "Replication Number: 351 ----------------------------"
[1] "Detection is finished in 46.6800849437714 secs"
[1] "Change point is detected at 431"
[1] "Replication Number: 352 ----------------------------"
[1] "Detection is finished in 33.8880929946899 secs"
[1] "Change point is detected at 1598"
[1] "Replication Number: 353 ----------------------------"
[1] "Detection is finished in 49.2918038368225 secs"
[1] "Change point is detected at 1459"
[1] "Replication Number: 354 ----------------------------"
[1] "Detection is finished in 43.7274718284607 secs"
[1] "Change point is detected at 1419"
[1] "Replication Number: 355 ----------------------------"
[1] "Detection is finished in 48.2625079154968 secs"
[1] "Change point is detected at 1598"
[1] "Replication Number: 356 ----------------------------"
[1] "Detection is finished in 40.8122491836548 secs"
[1] "Change point is detected at 1599"
[1] "Replication Number: 357 ----------------------------"
[1] "Detection is finished in 38.4025270938873 secs"
[1] "Change point is detected at 405"
[1] "Replication Number: 358 ----------------------------"
[1] "Detection is finished in 45.0294589996338 secs"
[1] "Change point is detected at 400"
[1] "Replication Number: 359 ----------------------------"
[1] "Detection is finished in 39.8030421733856 secs"
[1] "Change point is detected at 400"
[1] "Replication Number: 360 ----------------------------"
[1] "Detection is finished in 45.4180319309235 secs"
[1] "Change point is detected at 1600"
[1] "Replication Number: 361 ----------------------------"
[1] "Detection is finished in 32.0152761936188 secs"
[1] "Change point is detected at 1593"
[1] "Replication Number: 362 ----------------------------"
[1] "Detection is finished in 38.5666007995605 secs"
[1] "Change point is detected at 698"
[1] "Replication Number: 363 ----------------------------"
[1] "Detection is finished in 45.2484519481659 secs"
[1] "Change point is detected at 1524"
[1] "Replication Number: 364 ----------------------------"
[1] "Detection is finished in 39.6706011295319 secs"
[1] "Change point is detected at 729"
[1] "Replication Number: 365 ----------------------------"
[1] "Detection is finished in 36.7248067855835 secs"
[1] "Change point is detected at 404"
[1] "Replication Number: 366 ----------------------------"
[1] "Detection is finished in 41.2395639419556 secs"
[1] "Change point is detected at 402"
[1] "Replication Number: 367 ----------------------------"
[1] "Detection is finished in 12.2970205664635 mins"
[1] "Change point is detected at 1579"
[1] "Replication Number: 368 ----------------------------"
[1] "Detection is finished in 18.4596832831701 mins"
[1] "Change point is detected at 403"
[1] "Replication Number: 369 ----------------------------"
[1] "Detection is finished in 1.25738064845403 mins"
[1] "Change point is detected at 1598"
[1] "Replication Number: 370 ----------------------------"
[1] "Detection is finished in 52.3651268482208 secs"
[1] "Change point is detected at 432"
[1] "Replication Number: 371 ----------------------------"
[1] "Detection is finished in 37.2300000190735 secs"
[1] "Change point is detected at 410"
[1] "Replication Number: 372 ----------------------------"
[1] "Detection is finished in 39.0213479995728 secs"
[1] "Change point is detected at 424"
[1] "Replication Number: 373 ----------------------------"
[1] "Detection is finished in 39.3761060237885 secs"
[1] "Change point is detected at 608"
[1] "Replication Number: 374 ----------------------------"
[1] "Detection is finished in 41.5342049598694 secs"
[1] "Change point is detected at 777"
[1] "Replication Number: 375 ----------------------------"
[1] "Detection is finished in 46.0697169303894 secs"
[1] "Change point is detected at 1585"
[1] "Replication Number: 376 ----------------------------"
[1] "Detection is finished in 43.1050481796265 secs"
[1] "Change point is detected at 1584"
[1] "Replication Number: 377 ----------------------------"
[1] "Detection is finished in 41.5734798908234 secs"
[1] "Change point is detected at 694"
[1] "Replication Number: 378 ----------------------------"
[1] "Detection is finished in 47.0563509464264 secs"
[1] "Change point is detected at 1114"
[1] "Replication Number: 379 ----------------------------"
[1] "Detection is finished in 41.0039489269257 secs"
[1] "Change point is detected at 553"
[1] "Replication Number: 380 ----------------------------"
[1] "Detection is finished in 42.2606430053711 secs"
[1] "Change point is detected at 1277"
[1] "Replication Number: 381 ----------------------------"
[1] "Detection is finished in 48.2006409168243 secs"
[1] "Change point is detected at 1526"
[1] "Replication Number: 382 ----------------------------"
[1] "Detection is finished in 42.8653690814972 secs"
[1] "Change point is detected at 1592"
[1] "Replication Number: 383 ----------------------------"
[1] "Detection is finished in 45.4814510345459 secs"
[1] "Change point is detected at 1499"
[1] "Replication Number: 384 ----------------------------"
[1] "Detection is finished in 36.9077429771423 secs"
[1] "Change point is detected at 1597"
[1] "Replication Number: 385 ----------------------------"
[1] "Detection is finished in 53.2480499744415 secs"
[1] "Change point is detected at 459"
[1] "Replication Number: 386 ----------------------------"
[1] "Detection is finished in 41.3533380031586 secs"
[1] "Change point is detected at 1420"
[1] "Replication Number: 387 ----------------------------"
[1] "Detection is finished in 44.2804651260376 secs"
[1] "Change point is detected at 492"
[1] "Replication Number: 388 ----------------------------"
[1] "Detection is finished in 41.030354976654 secs"
[1] "Change point is detected at 708"
[1] "Replication Number: 389 ----------------------------"
[1] "Detection is finished in 38.8582429885864 secs"
[1] "Change point is detected at 409"
[1] "Replication Number: 390 ----------------------------"
[1] "Detection is finished in 41.4528830051422 secs"
[1] "Change point is detected at 1506"
[1] "Replication Number: 391 ----------------------------"
[1] "Detection is finished in 41.8752429485321 secs"
[1] "Change point is detected at 1509"
[1] "Replication Number: 392 ----------------------------"
[1] "Detection is finished in 42.9754369258881 secs"
[1] "Change point is detected at 1199"
[1] "Replication Number: 393 ----------------------------"
[1] "Detection is finished in 42.1409301757812 secs"
[1] "Change point is detected at 999"
[1] "Replication Number: 394 ----------------------------"
[1] "Detection is finished in 44.0699219703674 secs"
[1] "Change point is detected at 1409"
[1] "Replication Number: 395 ----------------------------"
[1] "Detection is finished in 43.2546489238739 secs"
[1] "Change point is detected at 401"
[1] "Replication Number: 396 ----------------------------"
[1] "Detection is finished in 42.9665338993073 secs"
[1] "Change point is detected at 1555"
[1] "Replication Number: 397 ----------------------------"
[1] "Detection is finished in 42.0168628692627 secs"
[1] "Change point is detected at 520"
[1] "Replication Number: 398 ----------------------------"
[1] "Detection is finished in 41.8677940368652 secs"
[1] "Change point is detected at 1599"
[1] "Replication Number: 399 ----------------------------"
[1] "Detection is finished in 40.4472508430481 secs"
[1] "Change point is detected at 1599"
[1] "Replication Number: 400 ----------------------------"
[1] "Detection is finished in 41.8139820098877 secs"
[1] "Change point is detected at 1594"
[1] "Replication Number: 401 ----------------------------"
[1] "Detection is finished in 36.4481329917908 secs"
[1] "Change point is detected at 408"
[1] "Replication Number: 402 ----------------------------"
[1] "Detection is finished in 44.022274017334 secs"
[1] "Change point is detected at 897"
[1] "Replication Number: 403 ----------------------------"
[1] "Detection is finished in 51.1225049495697 secs"
[1] "Change point is detected at 1391"
[1] "Replication Number: 404 ----------------------------"
[1] "Detection is finished in 40.6906411647797 secs"
[1] "Change point is detected at 417"
[1] "Replication Number: 405 ----------------------------"
[1] "Detection is finished in 44.7650759220123 secs"
[1] "Change point is detected at 1600"
[1] "Replication Number: 406 ----------------------------"
[1] "Detection is finished in 43.6774430274963 secs"
[1] "Change point is detected at 1588"
[1] "Replication Number: 407 ----------------------------"
[1] "Detection is finished in 36.9575200080872 secs"
[1] "Change point is detected at 1335"
[1] "Replication Number: 408 ----------------------------"
[1] "Detection is finished in 36.155091047287 secs"
[1] "Change point is detected at 1520"
[1] "Replication Number: 409 ----------------------------"
[1] "Detection is finished in 34.9542968273163 secs"
[1] "Change point is detected at 1520"
[1] "Replication Number: 410 ----------------------------"
[1] "Detection is finished in 43.009360074997 secs"
[1] "Change point is detected at 422"
[1] "Replication Number: 411 ----------------------------"
[1] "Detection is finished in 37.6044700145721 secs"
[1] "Change point is detected at 758"
[1] "Replication Number: 412 ----------------------------"
[1] "Detection is finished in 39.3242919445038 secs"
[1] "Change point is detected at 478"
[1] "Replication Number: 413 ----------------------------"
[1] "Detection is finished in 46.1655149459839 secs"
[1] "Change point is detected at 523"
[1] "Replication Number: 414 ----------------------------"
[1] "Detection is finished in 39.4743988513947 secs"
[1] "Change point is detected at 449"
[1] "Replication Number: 415 ----------------------------"
[1] "Detection is finished in 37.7078301906586 secs"
[1] "Change point is detected at 1577"
[1] "Replication Number: 416 ----------------------------"
[1] "Detection is finished in 36.549703836441 secs"
[1] "Change point is detected at 779"
[1] "Replication Number: 417 ----------------------------"
[1] "Detection is finished in 33.9745259284973 secs"
[1] "Change point is detected at 1504"
[1] "Replication Number: 418 ----------------------------"
[1] "Detection is finished in 39.1546421051025 secs"
[1] "Change point is detected at 403"
[1] "Replication Number: 419 ----------------------------"
[1] "Detection is finished in 41.3153009414673 secs"
[1] "Change point is detected at 1516"
[1] "Replication Number: 420 ----------------------------"
[1] "Detection is finished in 33.2570071220398 secs"
[1] "Change point is detected at 405"
[1] "Replication Number: 421 ----------------------------"
[1] "Detection is finished in 37.5003161430359 secs"
[1] "Change point is detected at 536"
[1] "Replication Number: 422 ----------------------------"
[1] "Detection is finished in 43.4774191379547 secs"
[1] "Change point is detected at 1559"
[1] "Replication Number: 423 ----------------------------"
[1] "Detection is finished in 41.8330299854279 secs"
[1] "Change point is detected at 621"
[1] "Replication Number: 424 ----------------------------"
[1] "Detection is finished in 35.8959729671478 secs"
[1] "Change point is detected at 1596"
[1] "Replication Number: 425 ----------------------------"
[1] "Detection is finished in 32.6618869304657 secs"
[1] "Change point is detected at 408"
[1] "Replication Number: 426 ----------------------------"
[1] "Detection is finished in 42.9892210960388 secs"
[1] "Change point is detected at 401"
[1] "Replication Number: 427 ----------------------------"
[1] "Detection is finished in 44.9313650131226 secs"
[1] "Change point is detected at 1343"
[1] "Replication Number: 428 ----------------------------"
[1] "Detection is finished in 40.626631975174 secs"
[1] "Change point is detected at 419"
[1] "Replication Number: 429 ----------------------------"
[1] "Detection is finished in 49.6665558815002 secs"
[1] "Change point is detected at 404"
[1] "Replication Number: 430 ----------------------------"
[1] "Detection is finished in 44.6531760692596 secs"
[1] "Change point is detected at 400"
[1] "Replication Number: 431 ----------------------------"
[1] "Detection is finished in 42.6005959510803 secs"
[1] "Change point is detected at 1087"
[1] "Replication Number: 432 ----------------------------"
[1] "Detection is finished in 41.2837419509888 secs"
[1] "Change point is detected at 705"
[1] "Replication Number: 433 ----------------------------"
[1] "Detection is finished in 48.8910059928894 secs"
[1] "Change point is detected at 1376"
[1] "Replication Number: 434 ----------------------------"
[1] "Detection is finished in 41.6316659450531 secs"
[1] "Change point is detected at 682"
[1] "Replication Number: 435 ----------------------------"
[1] "Detection is finished in 35.1510779857635 secs"
[1] "Change point is detected at 1579"
[1] "Replication Number: 436 ----------------------------"
[1] "Detection is finished in 39.4693779945374 secs"
[1] "Change point is detected at 426"
[1] "Replication Number: 437 ----------------------------"
[1] "Detection is finished in 27.8127520084381 secs"
[1] "Change point is detected at 409"
[1] "Replication Number: 438 ----------------------------"
[1] "Detection is finished in 49.4398601055145 secs"
[1] "Change point is detected at 1341"
[1] "Replication Number: 439 ----------------------------"
[1] "Detection is finished in 45.9863188266754 secs"
[1] "Change point is detected at 437"
[1] "Replication Number: 440 ----------------------------"
[1] "Detection is finished in 45.1285140514374 secs"
[1] "Change point is detected at 1219"
[1] "Replication Number: 441 ----------------------------"
[1] "Detection is finished in 45.8715569972992 secs"
[1] "Change point is detected at 419"
[1] "Replication Number: 442 ----------------------------"
[1] "Detection is finished in 52.5254740715027 secs"
[1] "Change point is detected at 406"
[1] "Replication Number: 443 ----------------------------"
[1] "Detection is finished in 40.852912902832 secs"
[1] "Change point is detected at 1559"
[1] "Replication Number: 444 ----------------------------"
[1] "Detection is finished in 46.0257439613342 secs"
[1] "Change point is detected at 1582"
[1] "Replication Number: 445 ----------------------------"
[1] "Detection is finished in 45.2104759216309 secs"
[1] "Change point is detected at 1562"
[1] "Replication Number: 446 ----------------------------"
[1] "Detection is finished in 47.108638048172 secs"
[1] "Change point is detected at 1570"
[1] "Replication Number: 447 ----------------------------"
[1] "Detection is finished in 35.7230350971222 secs"
[1] "Change point is detected at 677"
[1] "Replication Number: 448 ----------------------------"
[1] "Detection is finished in 42.1460628509521 secs"
[1] "Change point is detected at 1589"
[1] "Replication Number: 449 ----------------------------"
[1] "Detection is finished in 40.0120410919189 secs"
[1] "Change point is detected at 508"
[1] "Replication Number: 450 ----------------------------"
[1] "Detection is finished in 45.8366250991821 secs"
[1] "Change point is detected at 1527"
[1] "Replication Number: 451 ----------------------------"
[1] "Detection is finished in 56.0063269138336 secs"
[1] "Change point is detected at 461"
[1] "Replication Number: 452 ----------------------------"
[1] "Detection is finished in 38.9356961250305 secs"
[1] "Change point is detected at 508"
[1] "Replication Number: 453 ----------------------------"
[1] "Detection is finished in 33.8982970714569 secs"
[1] "Change point is detected at 405"
[1] "Replication Number: 454 ----------------------------"
[1] "Detection is finished in 44.4660370349884 secs"
[1] "Change point is detected at 1600"
[1] "Replication Number: 455 ----------------------------"
[1] "Detection is finished in 44.7830419540405 secs"
[1] "Change point is detected at 743"
[1] "Replication Number: 456 ----------------------------"
[1] "Detection is finished in 39.1009740829468 secs"
[1] "Change point is detected at 1481"
[1] "Replication Number: 457 ----------------------------"
[1] "Detection is finished in 40.2266891002655 secs"
[1] "Change point is detected at 1592"
[1] "Replication Number: 458 ----------------------------"
[1] "Detection is finished in 39.3697040081024 secs"
[1] "Change point is detected at 528"
[1] "Replication Number: 459 ----------------------------"
[1] "Detection is finished in 48.5625491142273 secs"
[1] "Change point is detected at 1560"
[1] "Replication Number: 460 ----------------------------"
[1] "Detection is finished in 31.4474360942841 secs"
[1] "Change point is detected at 1439"
[1] "Replication Number: 461 ----------------------------"
[1] "Detection is finished in 40.609904050827 secs"
[1] "Change point is detected at 406"
[1] "Replication Number: 462 ----------------------------"
[1] "Detection is finished in 45.324401140213 secs"
[1] "Change point is detected at 1600"
[1] "Replication Number: 463 ----------------------------"
[1] "Detection is finished in 37.7157940864563 secs"
[1] "Change point is detected at 407"
[1] "Replication Number: 464 ----------------------------"
[1] "Detection is finished in 42.6890330314636 secs"
[1] "Change point is detected at 400"
[1] "Replication Number: 465 ----------------------------"
[1] "Detection is finished in 40.9936928749084 secs"
[1] "Change point is detected at 980"
[1] "Replication Number: 466 ----------------------------"
[1] "Detection is finished in 38.2584989070892 secs"
[1] "Change point is detected at 441"
[1] "Replication Number: 467 ----------------------------"
[1] "Detection is finished in 42.9668531417847 secs"
[1] "Change point is detected at 1309"
[1] "Replication Number: 468 ----------------------------"
[1] "Detection is finished in 50.761353969574 secs"
[1] "Change point is detected at 1463"
[1] "Replication Number: 469 ----------------------------"
[1] "Detection is finished in 47.7994530200958 secs"
[1] "Change point is detected at 1528"
[1] "Replication Number: 470 ----------------------------"
[1] "Detection is finished in 40.71639585495 secs"
[1] "Change point is detected at 1314"
[1] "Replication Number: 471 ----------------------------"
[1] "Detection is finished in 44.0806000232697 secs"
[1] "Change point is detected at 411"
[1] "Replication Number: 472 ----------------------------"
[1] "Detection is finished in 39.2079780101776 secs"
[1] "Change point is detected at 436"
[1] "Replication Number: 473 ----------------------------"
[1] "Detection is finished in 41.5909779071808 secs"
[1] "Change point is detected at 1517"
[1] "Replication Number: 474 ----------------------------"
[1] "Detection is finished in 39.6846678256989 secs"
[1] "Change point is detected at 453"
[1] "Replication Number: 475 ----------------------------"
[1] "Detection is finished in 34.8280930519104 secs"
[1] "Change point is detected at 1318"
[1] "Replication Number: 476 ----------------------------"
[1] "Detection is finished in 46.8976202011108 secs"
[1] "Change point is detected at 547"
[1] "Replication Number: 477 ----------------------------"
[1] "Detection is finished in 44.393816947937 secs"
[1] "Change point is detected at 476"
[1] "Replication Number: 478 ----------------------------"
[1] "Detection is finished in 42.2125191688538 secs"
[1] "Change point is detected at 487"
[1] "Replication Number: 479 ----------------------------"
[1] "Detection is finished in 37.3717050552368 secs"
[1] "Change point is detected at 828"
[1] "Replication Number: 480 ----------------------------"
[1] "Detection is finished in 37.6041288375854 secs"
[1] "Change point is detected at 1495"
[1] "Replication Number: 481 ----------------------------"
[1] "Detection is finished in 42.2683680057526 secs"
[1] "Change point is detected at 400"
[1] "Replication Number: 482 ----------------------------"
[1] "Detection is finished in 33.643217086792 secs"
[1] "Change point is detected at 807"
[1] "Replication Number: 483 ----------------------------"
[1] "Detection is finished in 34.6872069835663 secs"
[1] "Change point is detected at 1600"
[1] "Replication Number: 484 ----------------------------"
[1] "Detection is finished in 45.0492699146271 secs"
[1] "Change point is detected at 912"
[1] "Replication Number: 485 ----------------------------"
[1] "Detection is finished in 42.1633548736572 secs"
[1] "Change point is detected at 1596"
[1] "Replication Number: 486 ----------------------------"
[1] "Detection is finished in 35.1699259281158 secs"
[1] "Change point is detected at 432"
[1] "Replication Number: 487 ----------------------------"
[1] "Detection is finished in 41.1228530406952 secs"
[1] "Change point is detected at 1326"
[1] "Replication Number: 488 ----------------------------"
[1] "Detection is finished in 40.901978969574 secs"
[1] "Change point is detected at 1583"
[1] "Replication Number: 489 ----------------------------"
[1] "Detection is finished in 39.873242855072 secs"
[1] "Change point is detected at 1424"
[1] "Replication Number: 490 ----------------------------"
[1] "Detection is finished in 42.1331799030304 secs"
[1] "Change point is detected at 426"
[1] "Replication Number: 491 ----------------------------"
[1] "Detection is finished in 42.7841629981995 secs"
[1] "Change point is detected at 435"
[1] "Replication Number: 492 ----------------------------"
[1] "Detection is finished in 6.69418848355611 mins"
[1] "Change point is detected at 400"
[1] "Replication Number: 493 ----------------------------"
[1] "Detection is finished in 8.43250931501388 mins"
[1] "Change point is detected at 1593"
[1] "Replication Number: 494 ----------------------------"
[1] "Detection is finished in 58.4965360164642 secs"
[1] "Change point is detected at 410"
[1] "Replication Number: 495 ----------------------------"
[1] "Detection is finished in 39.4568300247192 secs"
[1] "Change point is detected at 412"
[1] "Replication Number: 496 ----------------------------"
[1] "Detection is finished in 39.0458390712738 secs"
[1] "Change point is detected at 403"
[1] "Replication Number: 497 ----------------------------"
[1] "Detection is finished in 47.4777591228485 secs"
[1] "Change point is detected at 419"
[1] "Replication Number: 498 ----------------------------"
[1] "Detection is finished in 34.3180060386658 secs"
[1] "Change point is detected at 1526"
[1] "Replication Number: 499 ----------------------------"
[1] "Detection is finished in 37.3132419586182 secs"
[1] "Change point is detected at 1600"
[1] "Replication Number: 500 ----------------------------"
[1] "Detection is finished in 38.0120658874512 secs"
[1] "Change point is detected at 1256"
[1] "Replication Number: 501 ----------------------------"
[1] "Detection is finished in 37.3373539447784 secs"
[1] "Change point is detected at 474"
[1] "Replication Number: 502 ----------------------------"
[1] "Detection is finished in 44.4271001815796 secs"
[1] "Change point is detected at 1464"
[1] "Replication Number: 503 ----------------------------"
[1] "Detection is finished in 38.6768000125885 secs"
[1] "Change point is detected at 1442"
[1] "Replication Number: 504 ----------------------------"
[1] "Detection is finished in 39.8576419353485 secs"
[1] "Change point is detected at 537"
[1] "Replication Number: 505 ----------------------------"
[1] "Detection is finished in 36.3175468444824 secs"
[1] "Change point is detected at 542"
[1] "Replication Number: 506 ----------------------------"
[1] "Detection is finished in 33.3302421569824 secs"
[1] "Change point is detected at 1595"
[1] "Replication Number: 507 ----------------------------"
[1] "Detection is finished in 40.1595559120178 secs"
[1] "Change point is detected at 1327"
[1] "Replication Number: 508 ----------------------------"
[1] "Detection is finished in 52.8666608333588 secs"
[1] "Change point is detected at 1524"
[1] "Replication Number: 509 ----------------------------"
[1] "Detection is finished in 2.55742029746374 mins"
[1] "Change point is detected at 405"
[1] "Replication Number: 510 ----------------------------"
[1] "Detection is finished in 2.9371809164683 mins"
[1] "Change point is detected at 536"
[1] "Replication Number: 511 ----------------------------"
[1] "Detection is finished in 2.08788845141729 mins"
[1] "Change point is detected at 860"
[1] "Replication Number: 512 ----------------------------"
[1] "Detection is finished in 3.28029013474782 mins"
[1] "Change point is detected at 495"
[1] "Replication Number: 513 ----------------------------"
[1] "Detection is finished in 3.47705475091934 mins"
[1] "Change point is detected at 1600"
[1] "Replication Number: 514 ----------------------------"
[1] "Detection is finished in 3.21888005336126 mins"
[1] "Change point is detected at 400"
[1] "Replication Number: 515 ----------------------------"
[1] "Detection is finished in 3.59483189980189 mins"
[1] "Change point is detected at 1576"
[1] "Replication Number: 516 ----------------------------"
[1] "Detection is finished in 3.63390338420868 mins"
[1] "Change point is detected at 1254"
[1] "Replication Number: 517 ----------------------------"
[1] "Detection is finished in 3.19860101540883 mins"
[1] "Change point is detected at 425"
[1] "Replication Number: 518 ----------------------------"
[1] "Detection is finished in 3.34773685137431 mins"
[1] "Change point is detected at 1550"
[1] "Replication Number: 519 ----------------------------"
[1] "Detection is finished in 4.29939004977544 mins"
[1] "Change point is detected at 402"
[1] "Replication Number: 520 ----------------------------"
[1] "Detection is finished in 3.35054481426875 mins"
[1] "Change point is detected at 430"
[1] "Replication Number: 521 ----------------------------"
[1] "Detection is finished in 3.16627339919408 mins"
[1] "Change point is detected at 1527"
[1] "Replication Number: 522 ----------------------------"
[1] "Detection is finished in 3.82681041955948 mins"
[1] "Change point is detected at 1488"
[1] "Replication Number: 523 ----------------------------"
[1] "Detection is finished in 3.71874931653341 mins"
[1] "Change point is detected at 400"
[1] "Replication Number: 524 ----------------------------"
[1] "Detection is finished in 3.40099311669668 mins"
[1] "Change point is detected at 1570"
[1] "Replication Number: 525 ----------------------------"
[1] "Detection is finished in 3.58249498208364 mins"
[1] "Change point is detected at 480"
[1] "Replication Number: 526 ----------------------------"
[1] "Detection is finished in 3.47993983427684 mins"
[1] "Change point is detected at 1364"
[1] "Replication Number: 527 ----------------------------"
